This is pdfTeX, Version 3.14159265-2.6-1.40.19 (TeX Live 2018/W32TeX) (preloaded format=latex 2018.9.29)  28 APR 2019 10:45
entering extended mode
 restricted \write18 enabled.
 %&-line parsing enabled.
**\csname ?\endcsname

*""C:\Users\Ozaner\space Hansha\Google Drive\Workspace\ozanerhansha.github.io\h
w\Spring 2019\humannaturepaper\paper.tex""

! LaTeX Error: Missing \begin{document}.

See the LaTeX manual or LaTeX Companion for explanation.
Type  H <return>  for immediate help.
 ...                                              
                                                  
<*> "
     "C:\Users\Ozaner\space Hansha\Google Drive\Workspace\ozanerhansha.githu...

? 
! Emergency stop.
 ...                                              
                                                  
<*> "
     "C:\Users\Ozaner\space Hansha\Google Drive\Workspace\ozanerhansha.githu...

You're in trouble here.  Try typing  <return>  to proceed.
If that doesn't work, type  X <return>  to quit.

 
Here is how much of TeX's memory you used:
 3 strings out of 492640
 235 string characters out of 6133114
 56948 words of memory out of 5000000
 3994 multiletter control sequences out of 15000+600000
 3640 words of font info for 14 fonts, out of 8000000 for 9000
 1141 hyphenation exceptions out of 8191
 4i,0n,4p,123b,14s stack positions out of 5000i,500n,10000p,200000b,80000s
No pages of output.
